<?xml version="1.0" encoding="UTF-8"?>
<testsuite name="cricket_league.Batting_Test" tests="1" skipped="0" failures="0" errors="0" timestamp="2020-01-17T07:29:27" hostname="admin1-HP-EliteBook-Folio-9480m" time="0.719">
  <properties/>
  <testcase name="givenBattingCsvFile_shouldReturnCsvFileData" classname="cricket_league.Batting_Test" time="0.719"/>
  <system-out><![CDATA[]]></system-out>
  <system-err><![CDATA[]]></system-err>
</testsuite>
