<?xml version="1.0" encoding="UTF-8"?>
<testsuite name="cricket_league.Batting_Bowling_Test" tests="2" skipped="0" failures="0" errors="0" timestamp="2020-01-24T09:15:15" hostname="admin1-HP-EliteBook-Folio-9480m" time="2.371">
  <properties/>
  <testcase name="whenGivenBattingAndBowlingFileData_shouldReturnBestBatsman_Bowler" classname="cricket_league.Batting_Bowling_Test" time="1.681"/>
  <testcase name="whenGivenBattingAndBowlingFileData_shouldReturnBestAllRounder" classname="cricket_league.Batting_Bowling_Test" time="0.69"/>
  <system-out><![CDATA[]]></system-out>
  <system-err><![CDATA[]]></system-err>
</testsuite>
