<?xml version="1.0" encoding="UTF-8"?>
<testsuite name="cricket_league.Bowling_Test" tests="1" skipped="0" failures="0" errors="0" timestamp="2020-01-21T05:29:52" hostname="admin1-HP-EliteBook-Folio-9480m" time="0.576">
  <properties/>
  <testcase name="givenBowlingCsvFile_shouldReturnCsvFileData" classname="cricket_league.Bowling_Test" time="0.576"/>
  <system-out><![CDATA[]]></system-out>
  <system-err><![CDATA[]]></system-err>
</testsuite>
